This file contains any messages produced by compilers while
running configure, to aid debugging if configure makes a mistake.

It was created by Boblightd for Raspberry-PI - Optimized by Speedy1985  configure 2.1 , which was
generated by GNU Autoconf 2.69.  Invocation command line was

  $ ./configure 

## --------- ##
## Platform. ##
## --------- ##

hostname = raspbmc
uname -m = armv6l
uname -r = 3.10.24
uname -s = Linux
uname -v = #2 PREEMPT Mon Dec 23 05:18:12 UTC 2013

/usr/bin/uname -p = unknown
/bin/uname -X     = unknown

/bin/arch              = unknown
/usr/bin/arch -k       = unknown
/usr/convex/getsysinfo = unknown
/usr/bin/hostinfo      = unknown
/bin/machine           = unknown
/usr/bin/oslevel       = unknown
/bin/universe          = unknown

PATH: /usr/local/sbin
PATH: /usr/local/bin
PATH: /usr/sbin
PATH: /usr/bin
PATH: /sbin
PATH: /bin


## ----------- ##
## Core tests. ##
## ----------- ##

configure:2335: checking for a BSD-compatible install
configure:2403: result: /usr/bin/install -c
configure:2414: checking whether build environment is sane
configure:2464: result: yes
configure:2605: checking for a thread-safe mkdir -p
configure:2644: result: /bin/mkdir -p
configure:2657: checking for gawk
configure:2687: result: no
configure:2657: checking for mawk
configure:2673: found /usr/bin/mawk
configure:2684: result: mawk
configure:2695: checking whether make sets $(MAKE)
configure:2717: result: yes
configure:2800: checking whether to enable maintainer-specific portions of Makefiles
configure:2809: result: no
configure:2835: checking for style of include used by make
configure:2863: result: GNU
configure:2934: checking for gcc
configure:2950: found /usr/bin/gcc
configure:2961: result: gcc
configure:3190: checking for C compiler version
configure:3199: gcc --version >&5
gcc (Debian 4.6.3-14+rpi1) 4.6.3
Copyright (C) 2011 Free Software Foundation, Inc.
This is free software; see the source for copying conditions.  There is NO
warranty; not even for MERCHANTABILITY or FITNESS FOR A PARTICULAR PURPOSE.

configure:3210: $? = 0
configure:3199: gcc -v >&5
Using built-in specs.
COLLECT_GCC=gcc
COLLECT_LTO_WRAPPER=/usr/lib/gcc/arm-linux-gnueabihf/4.6/lto-wrapper
Target: arm-linux-gnueabihf
Configured with: ../src/configure -v --with-pkgversion='Debian 4.6.3-14+rpi1' --with-bugurl=file:///usr/share/doc/gcc-4.6/README.Bugs --enable-languages=c,c++,fortran,objc,obj-c++ --prefix=/usr --program-suffix=-4.6 --enable-shared --enable-linker-build-id --with-system-zlib --libexecdir=/usr/lib --without-included-gettext --enable-threads=posix --with-gxx-include-dir=/usr/include/c++/4.6 --libdir=/usr/lib --enable-nls --with-sysroot=/ --enable-clocale=gnu --enable-libstdcxx-debug --enable-libstdcxx-time=yes --enable-gnu-unique-object --enable-plugin --enable-objc-gc --disable-sjlj-exceptions --with-arch=armv6 --with-fpu=vfp --with-float=hard --enable-checking=release --build=arm-linux-gnueabihf --host=arm-linux-gnueabihf --target=arm-linux-gnueabihf
Thread model: posix
gcc version 4.6.3 (Debian 4.6.3-14+rpi1) 
configure:3210: $? = 0
configure:3199: gcc -V >&5
gcc: error: unrecognized option '-V'
gcc: fatal error: no input files
compilation terminated.
configure:3210: $? = 4
configure:3199: gcc -qversion >&5
gcc: error: unrecognized option '-qversion'
gcc: fatal error: no input files
compilation terminated.
configure:3210: $? = 4
configure:3230: checking whether the C compiler works
configure:3252: gcc    conftest.c  >&5
configure:3256: $? = 0
configure:3304: result: yes
configure:3307: checking for C compiler default output file name
configure:3309: result: a.out
configure:3315: checking for suffix of executables
configure:3322: gcc -o conftest    conftest.c  >&5
configure:3326: $? = 0
configure:3348: result: 
configure:3370: checking whether we are cross compiling
configure:3378: gcc -o conftest    conftest.c  >&5
configure:3382: $? = 0
configure:3389: ./conftest
configure:3393: $? = 0
configure:3408: result: no
configure:3413: checking for suffix of object files
configure:3435: gcc -c   conftest.c >&5
configure:3439: $? = 0
configure:3460: result: o
configure:3464: checking whether we are using the GNU C compiler
configure:3483: gcc -c   conftest.c >&5
configure:3483: $? = 0
configure:3492: result: yes
configure:3501: checking whether gcc accepts -g
configure:3521: gcc -c -g  conftest.c >&5
configure:3521: $? = 0
configure:3562: result: yes
configure:3579: checking for gcc option to accept ISO C89
configure:3642: gcc  -c -O2  conftest.c >&5
configure:3642: $? = 0
configure:3655: result: none needed
configure:3677: checking dependency style of gcc
configure:3788: result: gcc3
configure:3804: checking for library containing strerror
configure:3835: gcc -o conftest -O2   conftest.c  >&5
configure:3835: $? = 0
configure:3852: result: none required
configure:3918: checking for g++
configure:3934: found /usr/bin/g++
configure:3945: result: g++
configure:3972: checking for C++ compiler version
configure:3981: g++ --version >&5
g++ (Debian 4.6.3-14+rpi1) 4.6.3
Copyright (C) 2011 Free Software Foundation, Inc.
This is free software; see the source for copying conditions.  There is NO
warranty; not even for MERCHANTABILITY or FITNESS FOR A PARTICULAR PURPOSE.

configure:3992: $? = 0
configure:3981: g++ -v >&5
Using built-in specs.
COLLECT_GCC=g++
COLLECT_LTO_WRAPPER=/usr/lib/gcc/arm-linux-gnueabihf/4.6/lto-wrapper
Target: arm-linux-gnueabihf
Configured with: ../src/configure -v --with-pkgversion='Debian 4.6.3-14+rpi1' --with-bugurl=file:///usr/share/doc/gcc-4.6/README.Bugs --enable-languages=c,c++,fortran,objc,obj-c++ --prefix=/usr --program-suffix=-4.6 --enable-shared --enable-linker-build-id --with-system-zlib --libexecdir=/usr/lib --without-included-gettext --enable-threads=posix --with-gxx-include-dir=/usr/include/c++/4.6 --libdir=/usr/lib --enable-nls --with-sysroot=/ --enable-clocale=gnu --enable-libstdcxx-debug --enable-libstdcxx-time=yes --enable-gnu-unique-object --enable-plugin --enable-objc-gc --disable-sjlj-exceptions --with-arch=armv6 --with-fpu=vfp --with-float=hard --enable-checking=release --build=arm-linux-gnueabihf --host=arm-linux-gnueabihf --target=arm-linux-gnueabihf
Thread model: posix
gcc version 4.6.3 (Debian 4.6.3-14+rpi1) 
configure:3992: $? = 0
configure:3981: g++ -V >&5
g++: error: unrecognized option '-V'
g++: fatal error: no input files
compilation terminated.
configure:3992: $? = 4
configure:3981: g++ -qversion >&5
g++: error: unrecognized option '-qversion'
g++: fatal error: no input files
compilation terminated.
configure:3992: $? = 4
configure:3996: checking whether we are using the GNU C++ compiler
configure:4015: g++ -c   conftest.cpp >&5
configure:4015: $? = 0
configure:4024: result: yes
configure:4033: checking whether g++ accepts -g
configure:4053: g++ -c -g  conftest.cpp >&5
configure:4053: $? = 0
configure:4094: result: yes
configure:4119: checking dependency style of g++
configure:4230: result: gcc3
configure:4293: checking for gcc
configure:4320: result: gcc
configure:4549: checking for C compiler version
configure:4558: gcc --version >&5
gcc (Debian 4.6.3-14+rpi1) 4.6.3
Copyright (C) 2011 Free Software Foundation, Inc.
This is free software; see the source for copying conditions.  There is NO
warranty; not even for MERCHANTABILITY or FITNESS FOR A PARTICULAR PURPOSE.

configure:4569: $? = 0
configure:4558: gcc -v >&5
Using built-in specs.
COLLECT_GCC=gcc
COLLECT_LTO_WRAPPER=/usr/lib/gcc/arm-linux-gnueabihf/4.6/lto-wrapper
Target: arm-linux-gnueabihf
Configured with: ../src/configure -v --with-pkgversion='Debian 4.6.3-14+rpi1' --with-bugurl=file:///usr/share/doc/gcc-4.6/README.Bugs --enable-languages=c,c++,fortran,objc,obj-c++ --prefix=/usr --program-suffix=-4.6 --enable-shared --enable-linker-build-id --with-system-zlib --libexecdir=/usr/lib --without-included-gettext --enable-threads=posix --with-gxx-include-dir=/usr/include/c++/4.6 --libdir=/usr/lib --enable-nls --with-sysroot=/ --enable-clocale=gnu --enable-libstdcxx-debug --enable-libstdcxx-time=yes --enable-gnu-unique-object --enable-plugin --enable-objc-gc --disable-sjlj-exceptions --with-arch=armv6 --with-fpu=vfp --with-float=hard --enable-checking=release --build=arm-linux-gnueabihf --host=arm-linux-gnueabihf --target=arm-linux-gnueabihf
Thread model: posix
gcc version 4.6.3 (Debian 4.6.3-14+rpi1) 
configure:4569: $? = 0
configure:4558: gcc -V >&5
gcc: error: unrecognized option '-V'
gcc: fatal error: no input files
compilation terminated.
configure:4569: $? = 4
configure:4558: gcc -qversion >&5
gcc: error: unrecognized option '-qversion'
gcc: fatal error: no input files
compilation terminated.
configure:4569: $? = 4
configure:4573: checking whether we are using the GNU C compiler
configure:4601: result: yes
configure:4610: checking whether gcc accepts -g
configure:4671: result: yes
configure:4688: checking for gcc option to accept ISO C89
configure:4764: result: none needed
configure:4786: checking dependency style of gcc
configure:4897: result: gcc3
configure:4918: checking how to run the C preprocessor
configure:4949: gcc -E  conftest.c
configure:4949: $? = 0
configure:4963: gcc -E  conftest.c
conftest.c:11:28: fatal error: ac_nonexistent.h: No such file or directory
compilation terminated.
configure:4963: $? = 1
configure: failed program was:
| /* confdefs.h */
| #define PACKAGE_NAME "Boblightd for Raspberry-PI - Optimized by Speedy1985 "
| #define PACKAGE_TARNAME "boblightd-for-raspberry-pi---optimized-by-speedy1985-"
| #define PACKAGE_VERSION "2.1 "
| #define PACKAGE_STRING "Boblightd for Raspberry-PI - Optimized by Speedy1985  2.1 "
| #define PACKAGE_BUGREPORT ""
| #define PACKAGE_URL ""
| #define PACKAGE ""
| #define VERSION "2.1"
| /* end confdefs.h.  */
| #include <ac_nonexistent.h>
configure:4988: result: gcc -E
configure:5008: gcc -E  conftest.c
configure:5008: $? = 0
configure:5022: gcc -E  conftest.c
conftest.c:11:28: fatal error: ac_nonexistent.h: No such file or directory
compilation terminated.
configure:5022: $? = 1
configure: failed program was:
| /* confdefs.h */
| #define PACKAGE_NAME "Boblightd for Raspberry-PI - Optimized by Speedy1985 "
| #define PACKAGE_TARNAME "boblightd-for-raspberry-pi---optimized-by-speedy1985-"
| #define PACKAGE_VERSION "2.1 "
| #define PACKAGE_STRING "Boblightd for Raspberry-PI - Optimized by Speedy1985  2.1 "
| #define PACKAGE_BUGREPORT ""
| #define PACKAGE_URL ""
| #define PACKAGE ""
| #define VERSION "2.1"
| /* end confdefs.h.  */
| #include <ac_nonexistent.h>
configure:5051: checking for grep that handles long lines and -e
configure:5109: result: /bin/grep
configure:5114: checking for egrep
configure:5176: result: /bin/grep -E
configure:5181: checking for ANSI C header files
configure:5201: gcc -c -O2  conftest.c >&5
configure:5201: $? = 0
configure:5274: gcc -o conftest -O2   conftest.c  >&5
configure:5274: $? = 0
configure:5274: ./conftest
configure:5274: $? = 0
configure:5285: result: yes
configure:5323: checking build system type
configure:5337: result: armv6l-unknown-linux-gnueabihf
configure:5357: checking host system type
configure:5370: result: armv6l-unknown-linux-gnueabihf
configure:5411: checking how to print strings
configure:5438: result: printf
configure:5459: checking for a sed that does not truncate output
configure:5523: result: /bin/sed
configure:5541: checking for fgrep
configure:5603: result: /bin/grep -F
configure:5638: checking for ld used by gcc
configure:5705: result: /usr/bin/ld
configure:5712: checking if the linker (/usr/bin/ld) is GNU ld
configure:5727: result: yes
configure:5739: checking for BSD- or MS-compatible name lister (nm)
configure:5788: result: /usr/bin/nm -B
configure:5918: checking the name lister (/usr/bin/nm -B) interface
configure:5925: gcc -c -O2  conftest.c >&5
configure:5928: /usr/bin/nm -B "conftest.o"
configure:5931: output
00000000 B some_variable
configure:5938: result: BSD nm
configure:5941: checking whether ln -s works
configure:5945: result: yes
configure:5953: checking the maximum length of command line arguments
configure:6084: result: 1572864
configure:6101: checking whether the shell understands some XSI constructs
configure:6111: result: yes
configure:6115: checking whether the shell understands "+="
configure:6121: result: yes
configure:6156: checking how to convert armv6l-unknown-linux-gnueabihf file names to armv6l-unknown-linux-gnueabihf format
configure:6196: result: func_convert_file_noop
configure:6203: checking how to convert armv6l-unknown-linux-gnueabihf file names to toolchain format
configure:6223: result: func_convert_file_noop
configure:6230: checking for /usr/bin/ld option to reload object files
configure:6237: result: -r
configure:6311: checking for objdump
configure:6327: found /usr/bin/objdump
configure:6338: result: objdump
configure:6370: checking how to recognize dependent libraries
configure:6568: result: pass_all
configure:6653: checking for dlltool
configure:6683: result: no
configure:6713: checking how to associate runtime and link libraries
configure:6740: result: printf %s\n
configure:6800: checking for ar
configure:6816: found /usr/bin/ar
configure:6827: result: ar
configure:6864: checking for archiver @FILE support
configure:6881: gcc -c -O2  conftest.c >&5
configure:6881: $? = 0
configure:6884: ar cru libconftest.a @conftest.lst >&5
configure:6887: $? = 0
configure:6892: ar cru libconftest.a @conftest.lst >&5
ar: conftest.o: No such file or directory
configure:6895: $? = 1
configure:6907: result: @
configure:6965: checking for strip
configure:6981: found /usr/bin/strip
configure:6992: result: strip
configure:7064: checking for ranlib
configure:7080: found /usr/bin/ranlib
configure:7091: result: ranlib
configure:7193: checking command to parse /usr/bin/nm -B output from gcc object
configure:7313: gcc -c -O2  conftest.c >&5
configure:7316: $? = 0
configure:7320: /usr/bin/nm -B conftest.o \| sed -n -e 's/^.*[ ]\([ABCDGIRSTW][ABCDGIRSTW]*\)[ ][ ]*\([_A-Za-z][_A-Za-z0-9]*\)$/\1 \2 \2/p' | sed '/ __gnu_lto/d' \> conftest.nm
configure:7323: $? = 0
configure:7389: gcc -o conftest -O2   conftest.c conftstm.o >&5
configure:7392: $? = 0
configure:7430: result: ok
configure:7467: checking for sysroot
configure:7497: result: no
configure:7760: checking for mt
configure:7776: found /bin/mt
configure:7787: result: mt
configure:7810: checking if mt is a manifest tool
configure:7816: mt '-?'
configure:7824: result: no
configure:8466: checking for sys/types.h
configure:8466: gcc -c -O2  conftest.c >&5
configure:8466: $? = 0
configure:8466: result: yes
configure:8466: checking for sys/stat.h
configure:8466: gcc -c -O2  conftest.c >&5
configure:8466: $? = 0
configure:8466: result: yes
configure:8466: checking for stdlib.h
configure:8466: gcc -c -O2  conftest.c >&5
configure:8466: $? = 0
configure:8466: result: yes
configure:8466: checking for string.h
configure:8466: gcc -c -O2  conftest.c >&5
configure:8466: $? = 0
configure:8466: result: yes
configure:8466: checking for memory.h
configure:8466: gcc -c -O2  conftest.c >&5
configure:8466: $? = 0
configure:8466: result: yes
configure:8466: checking for strings.h
configure:8466: gcc -c -O2  conftest.c >&5
configure:8466: $? = 0
configure:8466: result: yes
configure:8466: checking for inttypes.h
configure:8466: gcc -c -O2  conftest.c >&5
configure:8466: $? = 0
configure:8466: result: yes
configure:8466: checking for stdint.h
configure:8466: gcc -c -O2  conftest.c >&5
configure:8466: $? = 0
configure:8466: result: yes
configure:8466: checking for unistd.h
configure:8466: gcc -c -O2  conftest.c >&5
configure:8466: $? = 0
configure:8466: result: yes
configure:8480: checking for dlfcn.h
configure:8480: gcc -c -O2  conftest.c >&5
configure:8480: $? = 0
configure:8480: result: yes
configure:8697: checking for objdir
configure:8712: result: .libs
configure:8983: checking if gcc supports -fno-rtti -fno-exceptions
configure:9001: gcc -c -O2  -fno-rtti -fno-exceptions conftest.c >&5
cc1: warning: command line option '-fno-rtti' is valid for C++/ObjC++ but not for C [enabled by default]
configure:9005: $? = 0
configure:9018: result: no
configure:9345: checking for gcc option to produce PIC
configure:9352: result: -fPIC -DPIC
configure:9360: checking if gcc PIC flag -fPIC -DPIC works
configure:9378: gcc -c -O2  -fPIC -DPIC -DPIC conftest.c >&5
configure:9382: $? = 0
configure:9395: result: yes
configure:9424: checking if gcc static flag -static works
configure:9452: result: yes
configure:9467: checking if gcc supports -c -o file.o
configure:9488: gcc -c -O2  -o out/conftest2.o conftest.c >&5
configure:9492: $? = 0
configure:9514: result: yes
configure:9522: checking if gcc supports -c -o file.o
configure:9569: result: yes
configure:9602: checking whether the gcc linker (/usr/bin/ld) supports shared libraries
configure:10759: result: yes
configure:10796: checking whether -lc should be explicitly linked in
configure:10804: gcc -c -O2  conftest.c >&5
configure:10807: $? = 0
configure:10822: gcc -shared  -fPIC -DPIC conftest.o  -v -Wl,-soname -Wl,conftest -o conftest 2\>\&1 \| /bin/grep  -lc  \>/dev/null 2\>\&1
configure:10825: $? = 0
configure:10839: result: no
configure:10999: checking dynamic linker characteristics
configure:11499: gcc -o conftest -O2   -Wl,-rpath -Wl,/foo conftest.c  >&5
configure:11499: $? = 0
configure:11733: result: GNU/Linux ld.so
configure:11840: checking how to hardcode library paths into programs
configure:11865: result: immediate
configure:12405: checking whether stripping libraries is possible
configure:12410: result: yes
configure:12445: checking if libtool supports shared libraries
configure:12447: result: yes
configure:12450: checking whether to build shared libraries
configure:12471: result: yes
configure:12474: checking whether to build static libraries
configure:12478: result: yes
configure:12501: checking how to run the C++ preprocessor
configure:12528: g++ -E  conftest.cpp
configure:12528: $? = 0
configure:12542: g++ -E  conftest.cpp
conftest.cpp:23:28: fatal error: ac_nonexistent.h: No such file or directory
compilation terminated.
configure:12542: $? = 1
configure: failed program was:
| /* confdefs.h */
| #define PACKAGE_NAME "Boblightd for Raspberry-PI - Optimized by Speedy1985 "
| #define PACKAGE_TARNAME "boblightd-for-raspberry-pi---optimized-by-speedy1985-"
| #define PACKAGE_VERSION "2.1 "
| #define PACKAGE_STRING "Boblightd for Raspberry-PI - Optimized by Speedy1985  2.1 "
| #define PACKAGE_BUGREPORT ""
| #define PACKAGE_URL ""
| #define PACKAGE ""
| #define VERSION "2.1"
| #define STDC_HEADERS 1
| #define HAVE_SYS_TYPES_H 1
| #define HAVE_SYS_STAT_H 1
| #define HAVE_STDLIB_H 1
| #define HAVE_STRING_H 1
| #define HAVE_MEMORY_H 1
| #define HAVE_STRINGS_H 1
| #define HAVE_INTTYPES_H 1
| #define HAVE_STDINT_H 1
| #define HAVE_UNISTD_H 1
| #define HAVE_DLFCN_H 1
| #define LT_OBJDIR ".libs/"
| /* end confdefs.h.  */
| #include <ac_nonexistent.h>
configure:12567: result: g++ -E
configure:12587: g++ -E  conftest.cpp
configure:12587: $? = 0
configure:12601: g++ -E  conftest.cpp
conftest.cpp:23:28: fatal error: ac_nonexistent.h: No such file or directory
compilation terminated.
configure:12601: $? = 1
configure: failed program was:
| /* confdefs.h */
| #define PACKAGE_NAME "Boblightd for Raspberry-PI - Optimized by Speedy1985 "
| #define PACKAGE_TARNAME "boblightd-for-raspberry-pi---optimized-by-speedy1985-"
| #define PACKAGE_VERSION "2.1 "
| #define PACKAGE_STRING "Boblightd for Raspberry-PI - Optimized by Speedy1985  2.1 "
| #define PACKAGE_BUGREPORT ""
| #define PACKAGE_URL ""
| #define PACKAGE ""
| #define VERSION "2.1"
| #define STDC_HEADERS 1
| #define HAVE_SYS_TYPES_H 1
| #define HAVE_SYS_STAT_H 1
| #define HAVE_STDLIB_H 1
| #define HAVE_STRING_H 1
| #define HAVE_MEMORY_H 1
| #define HAVE_STRINGS_H 1
| #define HAVE_INTTYPES_H 1
| #define HAVE_STDINT_H 1
| #define HAVE_UNISTD_H 1
| #define HAVE_DLFCN_H 1
| #define LT_OBJDIR ".libs/"
| /* end confdefs.h.  */
| #include <ac_nonexistent.h>
configure:12770: checking for ld used by g++
configure:12837: result: /usr/bin/ld
configure:12844: checking if the linker (/usr/bin/ld) is GNU ld
configure:12859: result: yes
configure:12914: checking whether the g++ linker (/usr/bin/ld) supports shared libraries
configure:13916: result: yes
configure:13952: g++ -c -O2  conftest.cpp >&5
configure:13955: $? = 0
configure:14475: checking for g++ option to produce PIC
configure:14482: result: -fPIC -DPIC
configure:14490: checking if g++ PIC flag -fPIC -DPIC works
configure:14508: g++ -c -O2  -fPIC -DPIC -DPIC conftest.cpp >&5
configure:14512: $? = 0
configure:14525: result: yes
configure:14548: checking if g++ static flag -static works
configure:14576: result: yes
configure:14588: checking if g++ supports -c -o file.o
configure:14609: g++ -c -O2  -o out/conftest2.o conftest.cpp >&5
configure:14613: $? = 0
configure:14635: result: yes
configure:14640: checking if g++ supports -c -o file.o
configure:14687: result: yes
configure:14717: checking whether the g++ linker (/usr/bin/ld) supports shared libraries
configure:14756: result: yes
configure:14897: checking dynamic linker characteristics
configure:15565: result: GNU/Linux ld.so
configure:15618: checking how to hardcode library paths into programs
configure:15643: result: immediate
configure:15705: checking for main in -lpthread
configure:15724: gcc -o conftest -O2   conftest.c -lpthread   >&5
configure:15724: $? = 0
configure:15733: result: yes
configure:15744: checking for main in -lrt
configure:15763: gcc -o conftest -O2   conftest.c -lrt  -lpthread  >&5
configure:15763: $? = 0
configure:15772: result: yes
configure:15783: checking for main in -lm
configure:15802: gcc -o conftest -O2   conftest.c -lm  -lrt -lpthread  >&5
configure:15802: $? = 0
configure:15811: result: yes
configure:15822: checking for main in -ldl
configure:15841: gcc -o conftest -O2   conftest.c -ldl  -lm -lrt -lpthread  >&5
configure:15841: $? = 0
configure:15850: result: yes
configure:15861: checking for main in -lusb-1.0
configure:15880: gcc -o conftest -O2   conftest.c -lusb-1.0  -ldl -lm -lrt -lpthread  >&5
configure:15880: $? = 0
configure:15889: result: yes
configure:15897: checking whether clock_gettime is declared
configure:15897: gcc -c -O2  conftest.c >&5
configure:15897: $? = 0
configure:15897: result: yes
configure:16050: creating ./config.status

## ---------------------- ##
## Running config.status. ##
## ---------------------- ##

This file was extended by Boblightd for Raspberry-PI - Optimized by Speedy1985  config.status 2.1 , which was
generated by GNU Autoconf 2.69.  Invocation command line was

  CONFIG_FILES    = 
  CONFIG_HEADERS  = 
  CONFIG_LINKS    = 
  CONFIG_COMMANDS = 
  $ ./config.status 

on raspbmc

config.status:1149: creating Makefile
config.status:1149: creating src/Makefile
config.status:1149: creating config.h
config.status:1378: executing depfiles commands
config.status:1378: executing libtool commands

## ---------------- ##
## Cache variables. ##
## ---------------- ##

ac_cv_build=armv6l-unknown-linux-gnueabihf
ac_cv_c_compiler_gnu=yes
ac_cv_cxx_compiler_gnu=yes
ac_cv_env_CCC_set=
ac_cv_env_CCC_value=
ac_cv_env_CC_set=
ac_cv_env_CC_value=
ac_cv_env_CFLAGS_set=
ac_cv_env_CFLAGS_value=
ac_cv_env_CPPFLAGS_set=
ac_cv_env_CPPFLAGS_value=
ac_cv_env_CPP_set=
ac_cv_env_CPP_value=
ac_cv_env_CXXCPP_set=
ac_cv_env_CXXCPP_value=
ac_cv_env_CXXFLAGS_set=
ac_cv_env_CXXFLAGS_value=
ac_cv_env_CXX_set=
ac_cv_env_CXX_value=
ac_cv_env_LDFLAGS_set=
ac_cv_env_LDFLAGS_value=
ac_cv_env_LIBS_set=
ac_cv_env_LIBS_value=
ac_cv_env_build_alias_set=
ac_cv_env_build_alias_value=
ac_cv_env_host_alias_set=
ac_cv_env_host_alias_value=
ac_cv_env_target_alias_set=
ac_cv_env_target_alias_value=
ac_cv_have_decl_clock_gettime=yes
ac_cv_header_dlfcn_h=yes
ac_cv_header_inttypes_h=yes
ac_cv_header_memory_h=yes
ac_cv_header_stdc=yes
ac_cv_header_stdint_h=yes
ac_cv_header_stdlib_h=yes
ac_cv_header_string_h=yes
ac_cv_header_strings_h=yes
ac_cv_header_sys_stat_h=yes
ac_cv_header_sys_types_h=yes
ac_cv_header_unistd_h=yes
ac_cv_host=armv6l-unknown-linux-gnueabihf
ac_cv_lib_dl_main=yes
ac_cv_lib_m_main=yes
ac_cv_lib_pthread_main=yes
ac_cv_lib_rt_main=yes
ac_cv_lib_usb_1_0_main=yes
ac_cv_objext=o
ac_cv_path_EGREP='/bin/grep -E'
ac_cv_path_FGREP='/bin/grep -F'
ac_cv_path_GREP=/bin/grep
ac_cv_path_SED=/bin/sed
ac_cv_path_install='/usr/bin/install -c'
ac_cv_path_mkdir=/bin/mkdir
ac_cv_prog_AWK=mawk
ac_cv_prog_CPP='gcc -E'
ac_cv_prog_CXXCPP='g++ -E'
ac_cv_prog_ac_ct_AR=ar
ac_cv_prog_ac_ct_CC=gcc
ac_cv_prog_ac_ct_CXX=g++
ac_cv_prog_ac_ct_MANIFEST_TOOL=mt
ac_cv_prog_ac_ct_OBJDUMP=objdump
ac_cv_prog_ac_ct_RANLIB=ranlib
ac_cv_prog_ac_ct_STRIP=strip
ac_cv_prog_cc_c89=
ac_cv_prog_cc_g=yes
ac_cv_prog_cxx_g=yes
ac_cv_prog_make_make_set=yes
ac_cv_search_strerror='none required'
am_cv_CC_dependencies_compiler_type=gcc3
am_cv_CXX_dependencies_compiler_type=gcc3
lt_cv_ar_at_file=@
lt_cv_archive_cmds_need_lc=no
lt_cv_deplibs_check_method=pass_all
lt_cv_file_magic_cmd='$MAGIC_CMD'
lt_cv_file_magic_test_file=
lt_cv_ld_reload_flag=-r
lt_cv_nm_interface='BSD nm'
lt_cv_objdir=.libs
lt_cv_path_LD=/usr/bin/ld
lt_cv_path_LDCXX=/usr/bin/ld
lt_cv_path_NM='/usr/bin/nm -B'
lt_cv_path_mainfest_tool=no
lt_cv_prog_compiler_c_o=yes
lt_cv_prog_compiler_c_o_CXX=yes
lt_cv_prog_compiler_pic='-fPIC -DPIC'
lt_cv_prog_compiler_pic_CXX='-fPIC -DPIC'
lt_cv_prog_compiler_pic_works=yes
lt_cv_prog_compiler_pic_works_CXX=yes
lt_cv_prog_compiler_rtti_exceptions=no
lt_cv_prog_compiler_static_works=yes
lt_cv_prog_compiler_static_works_CXX=yes
lt_cv_prog_gnu_ld=yes
lt_cv_prog_gnu_ldcxx=yes
lt_cv_sharedlib_from_linklib_cmd='printf %s\n'
lt_cv_shlibpath_overrides_runpath=no
lt_cv_sys_global_symbol_pipe='sed -n -e '\''s/^.*[	 ]\([ABCDGIRSTW][ABCDGIRSTW]*\)[	 ][	 ]*\([_A-Za-z][_A-Za-z0-9]*\)$/\1 \2 \2/p'\'' | sed '\''/ __gnu_lto/d'\'''
lt_cv_sys_global_symbol_to_c_name_address='sed -n -e '\''s/^: \([^ ]*\)[ ]*$/  {\"\1\", (void *) 0},/p'\'' -e '\''s/^[ABCDGIRSTW]* \([^ ]*\) \([^ ]*\)$/  {"\2", (void *) \&\2},/p'\'''
lt_cv_sys_global_symbol_to_c_name_address_lib_prefix='sed -n -e '\''s/^: \([^ ]*\)[ ]*$/  {\"\1\", (void *) 0},/p'\'' -e '\''s/^[ABCDGIRSTW]* \([^ ]*\) \(lib[^ ]*\)$/  {"\2", (void *) \&\2},/p'\'' -e '\''s/^[ABCDGIRSTW]* \([^ ]*\) \([^ ]*\)$/  {"lib\2", (void *) \&\2},/p'\'''
lt_cv_sys_global_symbol_to_cdecl='sed -n -e '\''s/^T .* \(.*\)$/extern int \1();/p'\'' -e '\''s/^[ABCDGIRSTW]* .* \(.*\)$/extern char \1;/p'\'''
lt_cv_sys_max_cmd_len=1572864
lt_cv_to_host_file_cmd=func_convert_file_noop
lt_cv_to_tool_file_cmd=func_convert_file_noop

## ----------------- ##
## Output variables. ##
## ----------------- ##

ACLOCAL='${SHELL} /mnt/Boblight/build/boblightd-for-raspberry/missing --run aclocal-1.11'
AMDEPBACKSLASH='\'
AMDEP_FALSE='#'
AMDEP_TRUE=''
AMTAR='$${TAR-tar}'
AR='ar'
AUTOCONF='${SHELL} /mnt/Boblight/build/boblightd-for-raspberry/missing --run autoconf'
AUTOHEADER='${SHELL} /mnt/Boblight/build/boblightd-for-raspberry/missing --run autoheader'
AUTOMAKE='${SHELL} /mnt/Boblight/build/boblightd-for-raspberry/missing --run automake-1.11'
AWK='mawk'
CC='gcc'
CCDEPMODE='depmode=gcc3'
CFLAGS='-O2'
CPP='gcc -E'
CPPFLAGS=''
CXX='g++'
CXXCPP='g++ -E'
CXXDEPMODE='depmode=gcc3'
CXXFLAGS='-O2'
CYGPATH_W='echo'
DEFS='-DHAVE_CONFIG_H'
DEPDIR='.deps'
DLLTOOL='false'
DSYMUTIL=''
DUMPBIN=''
ECHO_C=''
ECHO_N='-n'
ECHO_T=''
EGREP='/bin/grep -E'
EXEEXT=''
FGREP='/bin/grep -F'
GREP='/bin/grep'
INSTALL_DATA='${INSTALL} -m 644'
INSTALL_PROGRAM='${INSTALL}'
INSTALL_SCRIPT='${INSTALL}'
INSTALL_STRIP_PROGRAM='$(install_sh) -c -s'
LD='/usr/bin/ld'
LDFLAGS=''
LIBOBJS=''
LIBS='-ldl -lm -lrt -lpthread '
LIBTOOL='$(SHELL) $(top_builddir)/libtool'
LIPO=''
LN_S='ln -s'
LTLIBOBJS=''
MAINT='#'
MAINTAINER_MODE_FALSE=''
MAINTAINER_MODE_TRUE='#'
MAKEINFO='${SHELL} /mnt/Boblight/build/boblightd-for-raspberry/missing --run makeinfo'
MANIFEST_TOOL=':'
MKDIR_P='/bin/mkdir -p'
NM='/usr/bin/nm -B'
NMEDIT=''
OBJDUMP='objdump'
OBJEXT='o'
OTOOL64=''
OTOOL=''
PACKAGE=''
PACKAGE_BUGREPORT=''
PACKAGE_NAME='Boblightd for Raspberry-PI - Optimized by Speedy1985 '
PACKAGE_STRING='Boblightd for Raspberry-PI - Optimized by Speedy1985  2.1 '
PACKAGE_TARNAME='boblightd-for-raspberry-pi---optimized-by-speedy1985-'
PACKAGE_URL=''
PACKAGE_VERSION='2.1 '
PATH_SEPARATOR=':'
RANLIB='ranlib'
SED='/bin/sed'
SET_MAKE=''
SHELL='/bin/bash'
STRIP='strip'
VERSION='2.1'
ac_ct_AR='ar'
ac_ct_CC='gcc'
ac_ct_CXX='g++'
ac_ct_DUMPBIN=''
am__EXEEXT_FALSE=''
am__EXEEXT_TRUE='#'
am__fastdepCC_FALSE='#'
am__fastdepCC_TRUE=''
am__fastdepCXX_FALSE='#'
am__fastdepCXX_TRUE=''
am__include='include'
am__isrc=''
am__leading_dot='.'
am__nodep='_no'
am__quote=''
am__tar='$${TAR-tar} chof - "$$tardir"'
am__untar='$${TAR-tar} xf -'
bindir='${exec_prefix}/bin'
build='armv6l-unknown-linux-gnueabihf'
build_alias=''
build_cpu='armv6l'
build_os='linux-gnueabihf'
build_vendor='unknown'
datadir='${datarootdir}'
datarootdir='${prefix}/share'
docdir='${datarootdir}/doc/${PACKAGE_TARNAME}'
dvidir='${docdir}'
exec_prefix='${prefix}'
host='armv6l-unknown-linux-gnueabihf'
host_alias=''
host_cpu='armv6l'
host_os='linux-gnueabihf'
host_vendor='unknown'
htmldir='${docdir}'
includedir='${prefix}/include'
infodir='${datarootdir}/info'
install_sh='${SHELL} /mnt/Boblight/build/boblightd-for-raspberry/install-sh'
libdir='${exec_prefix}/lib'
libexecdir='${exec_prefix}/libexec'
localedir='${datarootdir}/locale'
localstatedir='${prefix}/var'
mandir='${datarootdir}/man'
mkdir_p='/bin/mkdir -p'
oldincludedir='/usr/include'
pdfdir='${docdir}'
prefix='/usr/local'
program_transform_name='s,x,x,'
psdir='${docdir}'
sbindir='${exec_prefix}/sbin'
sharedstatedir='${prefix}/com'
sysconfdir='${prefix}/etc'
target_alias=''

## ----------- ##
## confdefs.h. ##
## ----------- ##

/* confdefs.h */
#define PACKAGE_NAME "Boblightd for Raspberry-PI - Optimized by Speedy1985 "
#define PACKAGE_TARNAME "boblightd-for-raspberry-pi---optimized-by-speedy1985-"
#define PACKAGE_VERSION "2.1 "
#define PACKAGE_STRING "Boblightd for Raspberry-PI - Optimized by Speedy1985  2.1 "
#define PACKAGE_BUGREPORT ""
#define PACKAGE_URL ""
#define PACKAGE ""
#define VERSION "2.1"
#define STDC_HEADERS 1
#define HAVE_SYS_TYPES_H 1
#define HAVE_SYS_STAT_H 1
#define HAVE_STDLIB_H 1
#define HAVE_STRING_H 1
#define HAVE_MEMORY_H 1
#define HAVE_STRINGS_H 1
#define HAVE_INTTYPES_H 1
#define HAVE_STDINT_H 1
#define HAVE_UNISTD_H 1
#define HAVE_DLFCN_H 1
#define LT_OBJDIR ".libs/"
#define HAVE_LIBPTHREAD 1
#define HAVE_LIBRT 1
#define HAVE_LIBM 1
#define HAVE_LIBDL 1
#define HAVE_LIBUSB 1
#define HAVE_CLOCK_GETTIME 1

configure: exit 0
